Removed Pin From Net: NetName=NetP3_2 Pin=R1-2
Removed Pin From Net: NetName=D4 Pin=R2-1
Removed Pin From Net: NetName=NetP9_2 Pin=R3-2
Removed Pin From Net: NetName=D3 Pin=R4-1
Removed Pin From Net: NetName=NetP10_2 Pin=R5-2
Removed Pin From Net: NetName=D2 Pin=R6-1
Change Component DesignItemId : Designator=R1 Old DesignItemId=Res3 New DesignItemId=Res1
Change Component DesignItemId : Designator=R2 Old DesignItemId=Res3 New DesignItemId=Res1
Change Component DesignItemId : Designator=R3 Old DesignItemId=Res3 New DesignItemId=Res1
Change Component DesignItemId : Designator=R4 Old DesignItemId=Res3 New DesignItemId=Res1
Change Component DesignItemId : Designator=R5 Old DesignItemId=Res3 New DesignItemId=Res1
Change Component DesignItemId : Designator=R6 Old DesignItemId=Res3 New DesignItemId=Res1
Change Component Footprint: Designator=R1 Old Footprint=J1-0603 New Footprint=AXIAL-0.3
Change Component Footprint: Designator=R2 Old Footprint=J1-0603 New Footprint=AXIAL-0.3
Change Component Footprint: Designator=R3 Old Footprint=J1-0603 New Footprint=AXIAL-0.3
Change Component Footprint: Designator=R4 Old Footprint=J1-0603 New Footprint=AXIAL-0.3
Change Component Footprint: Designator=R5 Old Footprint=J1-0603 New Footprint=AXIAL-0.3
Change Component Footprint: Designator=R6 Old Footprint=J1-0603 New Footprint=AXIAL-0.3
Change Component Comment : Designator=R1 Old Comment=Res3 New Comment=Res1
Change Component Comment : Designator=R2 Old Comment=Res3 New Comment=Res1
Change Component Comment : Designator=R3 Old Comment=Res3 New Comment=Res1
Change Component Comment : Designator=R4 Old Comment=Res3 New Comment=Res1
Change Component Comment : Designator=R5 Old Comment=Res3 New Comment=Res1
Change Component Comment : Designator=R6 Old Comment=Res3 New Comment=Res1
Added Pin To Net: NetName=D2 Pin=R1-1
Added Pin To Net: NetName=NetP10_2 Pin=R2-2
Added Pin To Net: NetName=D3 Pin=R3-1
Added Pin To Net: NetName=NetP9_2 Pin=R4-2
Added Pin To Net: NetName=D4 Pin=R5-1
Added Pin To Net: NetName=NetP3_2 Pin=R6-2
Added Pin To Net: NetName=NetR1_2 Pin=R1-2
Added Pin To Net: NetName=NetR1_2 Pin=U3-1
Added Net: Name=NetR1_2
Added Pin To Net: NetName=NetR2_1 Pin=R2-1
Added Pin To Net: NetName=NetR2_1 Pin=U3-6
Added Net: Name=NetR2_1
Added Pin To Net: NetName=NetR3_2 Pin=R3-2
Added Pin To Net: NetName=NetR3_2 Pin=U2-1
Added Net: Name=NetR3_2
Added Pin To Net: NetName=NetR4_1 Pin=R4-1
Added Pin To Net: NetName=NetR4_1 Pin=U2-6
Added Net: Name=NetR4_1
Added Pin To Net: NetName=NetR5_2 Pin=R5-2
Added Pin To Net: NetName=NetR5_2 Pin=U1-1
Added Net: Name=NetR5_2
Added Pin To Net: NetName=NetR6_1 Pin=R6-1
Added Pin To Net: NetName=NetR6_1 Pin=U1-6
Added Net: Name=NetR6_1
Added Member To Class: ClassName=switchboard_schematic Member=Component Q3 BT136-600E
