Added Component: Designator=C1(C0805)
Added Component: Designator=C2(C0805)
Added Component: Designator=IC1(QTO-220)
Added Component: Designator=IC2(QTO-220)
Added Component: Designator=IC3(QTO-220)
Added Component: Designator=P1(HDR1X3)
Added Component: Designator=P2(HDR1X6)
Added Component: Designator=P3(HDR1X8)
Added Component: Designator=P4(HDR1X8)
Added Component: Designator=P5(HDR1X8)
Added Component: Designator=P6(HDR1X8)
Added Component: Designator=R1(J1-0603)
Added Component: Designator=R3(R1/4W)
Added Component: Designator=R4(R1/4W)
Added Component: Designator=R5(R1/4W)
Added Component: Designator=R6(R1/4W)
Added Component: Designator=R7(R1/4W)
Added Component: Designator=R8(R1/4W)
Added Component: Designator=U1(32A_N)
Added Component: Designator=U4(MOC30XX)
Added Component: Designator=U5(32A_N)
Added Component: Designator=U5(MOC30XX)
Added Component: Designator=U6(MOC30XX)
Added Pin To Net: NetName=NetC1_1 Pin=C1-1
Added Pin To Net: NetName=RST Pin=C1-2
Added Pin To Net: NetName=GND Pin=C2-1
Added Pin To Net: NetName=AREF Pin=C2-2
Added Pin To Net: NetName=ACPOWER Pin=IC1-1
Added Pin To Net: NetName=NetHD3_1 Pin=IC1-2
Added Pin To Net: NetName=NetIC1_3 Pin=IC1-3
Added Pin To Net: NetName=ACPOWER Pin=IC2-1
Added Pin To Net: NetName=NetHD5_1 Pin=IC2-2
Added Pin To Net: NetName=NetIC2_3 Pin=IC2-3
Added Pin To Net: NetName=ACPOWER Pin=IC3-1
Added Pin To Net: NetName=NetHD6_1 Pin=IC3-2
Added Pin To Net: NetName=NetIC3_3 Pin=IC3-3
Added Pin To Net: NetName=AREF Pin=P1-1
Added Pin To Net: NetName=VCC Pin=P1-2
Added Pin To Net: NetName=GND Pin=P1-3
Added Pin To Net: NetName=GND Pin=P2-1
Added Pin To Net: NetName=VCC Pin=P2-3
Added Pin To Net: NetName=D0_RX Pin=P2-4
Added Pin To Net: NetName=D1_TX Pin=P2-5
Added Pin To Net: NetName=NetC1_1 Pin=P2-6
Added Pin To Net: NetName=17 Pin=P3-1
Added Pin To Net: NetName=18 Pin=P3-2
Added Pin To Net: NetName=19 Pin=P3-3
Added Pin To Net: NetName=20 Pin=P3-4
Added Pin To Net: NetName=21 Pin=P3-5
Added Pin To Net: NetName=22 Pin=P3-6
Added Pin To Net: NetName=23 Pin=P3-7
Added Pin To Net: NetName=24 Pin=P3-8
Added Pin To Net: NetName=1 Pin=P4-1
Added Pin To Net: NetName=2 Pin=P4-2
Added Pin To Net: NetName=3 Pin=P4-3
Added Pin To Net: NetName=4 Pin=P4-4
Added Pin To Net: NetName=5 Pin=P4-5
Added Pin To Net: NetName=6 Pin=P4-6
Added Pin To Net: NetName=7 Pin=P4-7
Added Pin To Net: NetName=8 Pin=P4-8
Added Pin To Net: NetName=25 Pin=P5-1
Added Pin To Net: NetName=26 Pin=P5-2
Added Pin To Net: NetName=27 Pin=P5-3
Added Pin To Net: NetName=28 Pin=P5-4
Added Pin To Net: NetName=29 Pin=P5-5
Added Pin To Net: NetName=30 Pin=P5-6
Added Pin To Net: NetName=31 Pin=P5-7
Added Pin To Net: NetName=32 Pin=P5-8
Added Pin To Net: NetName=9 Pin=P6-1
Added Pin To Net: NetName=10 Pin=P6-2
Added Pin To Net: NetName=11 Pin=P6-3
Added Pin To Net: NetName=12 Pin=P6-4
Added Pin To Net: NetName=13 Pin=P6-5
Added Pin To Net: NetName=14 Pin=P6-6
Added Pin To Net: NetName=15 Pin=P6-7
Added Pin To Net: NetName=16 Pin=P6-8
Added Pin To Net: NetName=RST Pin=R1-1
Added Pin To Net: NetName=VCC Pin=R1-2
Added Pin To Net: NetName=NetR3_1 Pin=R3-1
Added Pin To Net: NetName=NetHD3_1 Pin=R3-2
Added Pin To Net: NetName=RELAY1 Pin=R4-1
Added Pin To Net: NetName=NetR4_2 Pin=R4-2
Added Pin To Net: NetName=NetR5_1 Pin=R5-1
Added Pin To Net: NetName=NetHD5_1 Pin=R5-2
Added Pin To Net: NetName=RELAY2 Pin=R6-1
Added Pin To Net: NetName=NetR6_2 Pin=R6-2
Added Pin To Net: NetName=NetR7_1 Pin=R7-1
Added Pin To Net: NetName=NetHD6_1 Pin=R7-2
Added Pin To Net: NetName=RELAY3 Pin=R8-1
Added Pin To Net: NetName=NetR8_2 Pin=R8-2
Added Pin To Net: NetName=D3 Pin=U1-1
Added Pin To Net: NetName=D4 Pin=U1-2
Added Pin To Net: NetName=GND Pin=U1-3
Added Pin To Net: NetName=VCC Pin=U1-4
Added Pin To Net: NetName=GND Pin=U1-5
Added Pin To Net: NetName=VCC Pin=U1-6
Added Pin To Net: NetName=D5 Pin=U1-9
Added Pin To Net: NetName=D6 Pin=U1-10
Added Pin To Net: NetName=D7 Pin=U1-11
Added Pin To Net: NetName=D8 Pin=U1-12
Added Pin To Net: NetName=D9_CE Pin=U1-13
Added Pin To Net: NetName=D10_SS Pin=U1-14
Added Pin To Net: NetName=D11_MOSI Pin=U1-15
Added Pin To Net: NetName=D12_MISO Pin=U1-16
Added Pin To Net: NetName=D13_SCK Pin=U1-17
Added Pin To Net: NetName=VCC Pin=U1-18
Added Pin To Net: NetName=AREF Pin=U1-20
Added Pin To Net: NetName=GND Pin=U1-21
Added Pin To Net: NetName=A0 Pin=U1-23
Added Pin To Net: NetName=A1 Pin=U1-24
Added Pin To Net: NetName=A2 Pin=U1-25
Added Pin To Net: NetName=A3 Pin=U1-26
Added Pin To Net: NetName=A4_SDA Pin=U1-27
Added Pin To Net: NetName=A5_SCL Pin=U1-28
Added Pin To Net: NetName=RST Pin=U1-29
Added Pin To Net: NetName=D0_RX Pin=U1-30
Added Pin To Net: NetName=D1_TX Pin=U1-31
Added Pin To Net: NetName=D2 Pin=U1-32
Added Pin To Net: NetName=NetR4_2 Pin=U4-1
Added Pin To Net: NetName=GND Pin=U4-2
Added Pin To Net: NetName=NetIC1_3 Pin=U4-4
Added Pin To Net: NetName=NetR3_1 Pin=U4-6
Added Pin To Net: NetName=1 Pin=U5-1
Added Pin To Net: NetName=NetR6_2 Pin=U5-1
Added Pin To Net: NetName=2 Pin=U5-2
Added Pin To Net: NetName=GND Pin=U5-2
Added Pin To Net: NetName=3 Pin=U5-3
Added Pin To Net: NetName=4 Pin=U5-4
Added Pin To Net: NetName=NetIC2_3 Pin=U5-4
Added Pin To Net: NetName=5 Pin=U5-5
Added Pin To Net: NetName=6 Pin=U5-6
Added Pin To Net: NetName=NetR5_1 Pin=U5-6
Added Pin To Net: NetName=NetR8_2 Pin=U6-1
Added Pin To Net: NetName=GND Pin=U6-2
Added Pin To Net: NetName=NetIC3_3 Pin=U6-4
Added Pin To Net: NetName=NetR7_1 Pin=U6-6
Added Member To Class: ClassName=SwitchBoard_v4 Member=Component C1 Cap Pol3
Added Member To Class: ClassName=SwitchBoard_v4 Member=Component C2 Cap Pol3
Added Member To Class: ClassName=SwitchBoard_v4 Member=Component IC1 BT137
Added Member To Class: ClassName=SwitchBoard_v4 Member=Component IC2 BT137
Added Member To Class: ClassName=SwitchBoard_v4 Member=Component IC3 BT137
Added Member To Class: ClassName=SwitchBoard_v4 Member=Component P1 Header 3
Added Member To Class: ClassName=SwitchBoard_v4 Member=Component P2 Header 6
Added Member To Class: ClassName=TQFP Adapter Member=Component P3 Header 8
Added Member To Class: ClassName=TQFP Adapter Member=Component P4 Header 8
Added Member To Class: ClassName=TQFP Adapter Member=Component P5 Header 8
Added Member To Class: ClassName=TQFP Adapter Member=Component P6 Header 8
Added Member To Class: ClassName=SwitchBoard_v4 Member=Component R1 Res3
Added Member To Class: ClassName=SwitchBoard_v4 Member=Component R3 330
Added Member To Class: ClassName=SwitchBoard_v4 Member=Component R4 470
Added Member To Class: ClassName=SwitchBoard_v4 Member=Component R5 330
Added Member To Class: ClassName=SwitchBoard_v4 Member=Component R6 470
Added Member To Class: ClassName=SwitchBoard_v4 Member=Component R7 220
Added Member To Class: ClassName=SwitchBoard_v4 Member=Component R8 470
Added Member To Class: ClassName=SwitchBoard_v4 Member=Component U1 ATmega328-AU
Added Member To Class: ClassName=SwitchBoard_v4 Member=Component U4 MOC3021M
Added Member To Class: ClassName=SwitchBoard_v4 Member=Component U5 MOC3021M
Added Member To Class: ClassName=TQFP Adapter Member=Component U5 ATmega328-AU
Added Member To Class: ClassName=SwitchBoard_v4 Member=Component U6 MOC3021M
Added Room: Name=SwitchBoard_v4
Added Room: Name=TQFP Adapter
